{"C:\\repositorios\\udacity\\reactnd-project-myreads-starter\\src\\components\\book\\index.js": {"path":"C:\\repositorios\\udacity\\reactnd-project-myreads-starter\\src\\components\\book\\index.js","statementMap":{"0":{"start":{"line":4,"column":25},"end":{"line":6,"column":1}},"1":{"start":{"line":5,"column":2},"end":{"line":5,"column":74}},"2":{"start":{"line":8,"column":13},"end":{"line":27,"column":1}},"3":{"start":{"line":9,"column":2},"end":{"line":26,"column":8}},"4":{"start":{"line":15,"column":62},"end":{"line":15,"column":100}},"5":{"start":{"line":29,"column":0},"end":{"line":38,"column":1}}},"fnMap":{"0":{"name":"(anonymous_0)","decl":{"start":{"line":4,"column":25},"end":{"line":4,"column":26}},"loc":{"start":{"line":5,"column":2},"end":{"line":5,"column":74}},"line":5},"1":{"name":"(anonymous_1)","decl":{"start":{"line":8,"column":13},"end":{"line":8,"column":14}},"loc":{"start":{"line":9,"column":2},"end":{"line":26,"column":8}},"line":9},"2":{"name":"(anonymous_2)","decl":{"start":{"line":15,"column":55},"end":{"line":15,"column":56}},"loc":{"start":{"line":15,"column":62},"end":{"line":15,"column":100}},"line":15}},"branchMap":{"0":{"loc":{"start":{"line":5,"column":2},"end":{"line":5,"column":74}},"type":"cond-expr","locations":[{"start":{"line":5,"column":10},"end":{"line":5,"column":25}},{"start":{"line":5,"column":28},"end":{"line":5,"column":74}}],"line":5},"1":{"loc":{"start":{"line":15,"column":23},"end":{"line":15,"column":43}},"type":"binary-expr","locations":[{"start":{"line":15,"column":23},"end":{"line":15,"column":33}},{"start":{"line":15,"column":37},"end":{"line":15,"column":43}}],"line":15}},"s":{"0":1,"1":3,"2":1,"3":2,"4":1,"5":1},"f":{"0":3,"1":2,"2":1},"b":{"0":[2,1],"1":[2,2]},"_coverageSchema":"332fd63041d2c1bcb487cc26dd0d5f7d97098a6c","hash":"93265c5035461cd047a69ce5c0ed432c887323aa"}
,"C:\\repositorios\\udacity\\reactnd-project-myreads-starter\\src\\components\\loading\\index.js": {"path":"C:\\repositorios\\udacity\\reactnd-project-myreads-starter\\src\\components\\loading\\index.js","statementMap":{"0":{"start":{"line":7,"column":16},"end":{"line":13,"column":1}},"1":{"start":{"line":8,"column":1},"end":{"line":12,"column":10}}},"fnMap":{"0":{"name":"(anonymous_0)","decl":{"start":{"line":7,"column":16},"end":{"line":7,"column":17}},"loc":{"start":{"line":8,"column":1},"end":{"line":12,"column":10}},"line":8}},"branchMap":{"0":{"loc":{"start":{"line":8,"column":1},"end":{"line":12,"column":10}},"type":"cond-expr","locations":[{"start":{"line":9,"column":3},"end":{"line":11,"column":9}},{"start":{"line":12,"column":5},"end":{"line":12,"column":10}}],"line":8}},"s":{"0":1,"1":3},"f":{"0":3},"b":{"0":[1,2]},"_coverageSchema":"332fd63041d2c1bcb487cc26dd0d5f7d97098a6c","hash":"4106e8ac58668ced4a7ab2f1a936b31fb263e9cb"}
}
