TN:
SF:C:\repositorios\udacity\reactnd-project-myreads-starter\src\components\book\index.js
FN:4,(anonymous_0)
FN:8,(anonymous_1)
FN:15,(anonymous_2)
FNF:3
FNH:3
FNDA:3,(anonymous_0)
FNDA:2,(anonymous_1)
FNDA:1,(anonymous_2)
DA:4,1
DA:5,3
DA:8,1
DA:9,2
DA:15,1
DA:29,1
LF:6
LH:6
BRDA:5,0,0,2
BRDA:5,0,1,1
BRDA:15,1,0,2
BRDA:15,1,1,2
BRF:4
BRH:4
end_of_record
TN:
SF:C:\repositorios\udacity\reactnd-project-myreads-starter\src\components\loading\index.js
FN:7,(anonymous_0)
FNF:1
FNH:1
FNDA:3,(anonymous_0)
DA:7,1
DA:8,3
LF:2
LH:2
BRDA:8,0,0,1
BRDA:8,0,1,2
BRF:2
BRH:2
end_of_record
